TestCaseName: test_profile_291
TestCaseID: TC_291
Module: module_profile
Status: FAILED
ExceptionType: ElementNotFoundException
FilePath: tests/profile/test_profile.py
Steps:
  - Step 1: Begin authentication
  - Authentication failed with AuthenticationError
  - Step 2: Navigate to feature and check permissions
  - Navigation failed on get()
  - Step 3: Interact with UI and validate state
  - Element missing
  - Step 4: Test completed with failure
StackTrace:
Traceback (most recent call last): ... ElementNotFoundException
