TestCaseName: test_profile_238
TestCaseID: TC_238
Module: module_profile
Status: FAILED
ExceptionType: AuthenticationError
FilePath: tests/profile/test_profile.py
Steps:
  - Step 1: Begin authentication
  - Authentication failed with AuthenticationError
  - Step 2: Navigate to feature and check permissions
  - Navigation failed on get()
  - Step 3: Interact with UI and validate state
  - Authentication failed with AuthenticationError
  - Step 4: Test completed with failure
StackTrace:
Traceback (most recent call last): ... AuthenticationError
