TestCaseName: test_payment_735
TestCaseID: TC_735
Module: module_payment
Status: FAILED
ExceptionType: AssertionError
FilePath: tests/payment/test_payment.py
Steps:
  - Step 1: Begin authentication
  - Authentication failed with AuthenticationError
  - Step 2: Navigate to feature and check permissions
  - Navigation failed on get()
  - Step 3: Interact with UI and validate state
  - Validation failed
  - Step 4: Test completed with failure
StackTrace:
Traceback (most recent call last): ... AssertionError
