TestCaseName: test_payment_901
TestCaseID: TC_901
Module: module_payment
Status: FAILED
ExceptionType: ElementNotFoundException
FilePath: tests/payment/test_payment.py
Steps:
  - Step 1: Begin authentication
  - Authentication failed with AuthenticationError
  - Step 2: Navigate to feature and check permissions
  - Navigation failed on get()
  - Step 3: Interact with UI and validate state
  - Element missing
  - Step 4: Test completed with failure
StackTrace:
Traceback (most recent call last): ... ElementNotFoundException
