TestCaseName: test_auth_613
TestCaseID: TC_613
Module: module_auth
Status: FAILED
ExceptionType: AssertionError
FilePath: tests/auth/test_auth.py
Steps:
  - Step 1: Begin authentication
  - Authentication failed with AuthenticationError
  - Step 2: Navigate to feature and check permissions
  - Navigation failed on get()
  - Step 3: Interact with UI and validate state
  - Validation failed
  - Step 4: Test completed with failure
StackTrace:
Traceback (most recent call last): ... AssertionError
